22:40:18 **** Build of configuration Debug for project Lab3 ****
make all 
Building file: ../Sources/main.c
Invoking: Cross ARM C Compiler
arm-none-eabi-gcc -mcpu=cortex-m4 -mthumb -O0 -fmessage-length=0 -fsigned-char -ffunction-sections -fdata-sections  -g3 -I"../Sources" -I"../Includes" -std=c99 -MMD -MP -MF"Sources/main.d" -MT"Sources/main.o" -c -o "Sources/main.o" "../Sources/main.c"
../Sources/main.c:38:1: warning: return type defaults to 'int' [enabled by default]
 set_LED(r,g,b){
 ^
../Sources/main.c: In function 'set_LED':
../Sources/main.c:38:1: warning: type of 'r' defaults to 'int' [enabled by default]
../Sources/main.c:38:1: warning: type of 'g' defaults to 'int' [enabled by default]
../Sources/main.c:38:1: warning: type of 'b' defaults to 'int' [enabled by default]
../Sources/main.c:40:3: error: 'GPIOC_PDOR' undeclared (first use in this function)
   GPIOC_PDOR = 0;
   ^
../Sources/main.c:40:3: note: each undeclared identifier is reported only once for each function it appears in
../Sources/main.c:42:15: error: expected ';' before '{' token
  else (r = 0) {
               ^
../Sources/main.c: In function 'main':
../Sources/main.c:64:2: error: 'SIM_SCGC5' undeclared (first use in this function)
  SIM_SCGC5 |= 0x3e00;
  ^
../Sources/main.c:70:2: error: 'PORTC_PCR3' undeclared (first use in this function)
  PORTC_PCR3 = 0x100; //red
  ^
../Sources/main.c:71:2: error: 'PORTD_PCR4' undeclared (first use in this function)
  PORTD_PCR4 = 0x100; //green
  ^
../Sources/main.c:72:2: error: 'PORTA_PCR2' undeclared (first use in this function)
  PORTA_PCR2 = 0x100; //blue
  ^
../Sources/main.c:75:2: error: 'GPIOC_PDDR' undeclared (first use in this function)
  GPIOC_PDDR = (1 << 3);
  ^
../Sources/main.c:76:2: error: 'GPIOD_PDDR' undeclared (first use in this function)
  GPIOD_PDDR = (1 << 4);
  ^
../Sources/main.c:77:2: error: 'GPIOA_PDDR' undeclared (first use in this function)
  GPIOA_PDDR = (1 << 2);
  ^
../Sources/main.c:108:1: error: expected declaration or statement at end of input
 }
 ^
../Sources/main.c:108:1: error: expected declaration or statement at end of input
../Sources/main.c:108:1: error: expected declaration or statement at end of input
../Sources/main.c:108:1: error: expected declaration or statement at end of input
../Sources/main.c:108:1: error: expected declaration or statement at end of input
../Sources/main.c:108:1: error: expected declaration or statement at end of input
Sources/subdir.mk:18: recipe for target 'Sources/main.o' failed
make: *** [Sources/main.o] Error 1

22:40:18 Build Finished (took 256ms)

