22:01:54 **** Build of configuration Debug for project LabWeek7 ****
make all 
Building file: ../Sources/Events.c
Invoking: Cross ARM C Compiler
arm-none-eabi-gcc -mcpu=cortex-m4 -mthumb -O0 -fmessage-length=0 -fsigned-char -ffunction-sections -fdata-sections  -g3 -I"C:/Users/Sienna/Documents/KinetisWorkSpace/Sienna-Rose-Price-Labs/LabWeek7/Static_Code/PDD" -I"C:/Users/Sienna/Documents/KinetisWorkSpace/Sienna-Rose-Price-Labs/LabWeek7/Static_Code/IO_Map" -I"C:/Users/Sienna/Documents/KinetisWorkSpace/Sienna-Rose-Price-Labs/LabWeek7/Sources" -I"C:/Users/Sienna/Documents/KinetisWorkSpace/Sienna-Rose-Price-Labs/LabWeek7/Generated_Code" -std=c99 -MMD -MP -MF"Sources/Events.d" -MT"Sources/Events.o" -c -o "Sources/Events.o" "../Sources/Events.c"
Finished building: ../Sources/Events.c
 
Building file: ../Sources/main.c
Invoking: Cross ARM C Compiler
arm-none-eabi-gcc -mcpu=cortex-m4 -mthumb -O0 -fmessage-length=0 -fsigned-char -ffunction-sections -fdata-sections  -g3 -I"C:/Users/Sienna/Documents/KinetisWorkSpace/Sienna-Rose-Price-Labs/LabWeek7/Static_Code/PDD" -I"C:/Users/Sienna/Documents/KinetisWorkSpace/Sienna-Rose-Price-Labs/LabWeek7/Static_Code/IO_Map" -I"C:/Users/Sienna/Documents/KinetisWorkSpace/Sienna-Rose-Price-Labs/LabWeek7/Sources" -I"C:/Users/Sienna/Documents/KinetisWorkSpace/Sienna-Rose-Price-Labs/LabWeek7/Generated_Code" -std=c99 -MMD -MP -MF"Sources/main.d" -MT"Sources/main.o" -c -o "Sources/main.o" "../Sources/main.c"
Finished building: ../Sources/main.c
 
Building file: ../Project_Settings/Startup_Code/startup.c
Invoking: Cross ARM C Compiler
arm-none-eabi-gcc -mcpu=cortex-m4 -mthumb -O0 -fmessage-length=0 -fsigned-char -ffunction-sections -fdata-sections  -g3 -I"C:/Users/Sienna/Documents/KinetisWorkSpace/Sienna-Rose-Price-Labs/LabWeek7/Static_Code/PDD" -I"C:/Users/Sienna/Documents/KinetisWorkSpace/Sienna-Rose-Price-Labs/LabWeek7/Static_Code/IO_Map" -I"C:/Users/Sienna/Documents/KinetisWorkSpace/Sienna-Rose-Price-Labs/LabWeek7/Sources" -I"C:/Users/Sienna/Documents/KinetisWorkSpace/Sienna-Rose-Price-Labs/LabWeek7/Generated_Code" -std=c99 -MMD -MP -MF"Project_Settings/Startup_Code/startup.d" -MT"Project_Settings/Startup_Code/startup.o" -c -o "Project_Settings/Startup_Code/startup.o" "../Project_Settings/Startup_Code/startup.c"
Finished building: ../Project_Settings/Startup_Code/startup.c
 
Building file: ../Generated_Code/ASerialLdd1.c
Invoking: Cross ARM C Compiler
arm-none-eabi-gcc -mcpu=cortex-m4 -mthumb -O0 -fmessage-length=0 -fsigned-char -ffunction-sections -fdata-sections  -g3 -I"C:/Users/Sienna/Documents/KinetisWorkSpace/Sienna-Rose-Price-Labs/LabWeek7/Static_Code/PDD" -I"C:/Users/Sienna/Documents/KinetisWorkSpace/Sienna-Rose-Price-Labs/LabWeek7/Static_Code/IO_Map" -I"C:/Users/Sienna/Documents/KinetisWorkSpace/Sienna-Rose-Price-Labs/LabWeek7/Sources" -I"C:/Users/Sienna/Documents/KinetisWorkSpace/Sienna-Rose-Price-Labs/LabWeek7/Generated_Code" -std=c99 -MMD -MP -MF"Generated_Code/ASerialLdd1.d" -MT"Generated_Code/ASerialLdd1.o" -c -o "Generated_Code/ASerialLdd1.o" "../Generated_Code/ASerialLdd1.c"
Finished building: ../Generated_Code/ASerialLdd1.c
 
Building file: ../Generated_Code/BlueLED.c
Invoking: Cross ARM C Compiler
arm-none-eabi-gcc -mcpu=cortex-m4 -mthumb -O0 -fmessage-length=0 -fsigned-char -ffunction-sections -fdata-sections  -g3 -I"C:/Users/Sienna/Documents/KinetisWorkSpace/Sienna-Rose-Price-Labs/LabWeek7/Static_Code/PDD" -I"C:/Users/Sienna/Documents/KinetisWorkSpace/Sienna-Rose-Price-Labs/LabWeek7/Static_Code/IO_Map" -I"C:/Users/Sienna/Documents/KinetisWorkSpace/Sienna-Rose-Price-Labs/LabWeek7/Sources" -I"C:/Users/Sienna/Documents/KinetisWorkSpace/Sienna-Rose-Price-Labs/LabWeek7/Generated_Code" -std=c99 -MMD -MP -MF"Generated_Code/BlueLED.d" -MT"Generated_Code/BlueLED.o" -c -o "Generated_Code/BlueLED.o" "../Generated_Code/BlueLED.c"
Finished building: ../Generated_Code/BlueLED.c
 
Building file: ../Generated_Code/Cpu.c
Invoking: Cross ARM C Compiler
arm-none-eabi-gcc -mcpu=cortex-m4 -mthumb -O0 -fmessage-length=0 -fsigned-char -ffunction-sections -fdata-sections  -g3 -I"C:/Users/Sienna/Documents/KinetisWorkSpace/Sienna-Rose-Price-Labs/LabWeek7/Static_Code/PDD" -I"C:/Users/Sienna/Documents/KinetisWorkSpace/Sienna-Rose-Price-Labs/LabWeek7/Static_Code/IO_Map" -I"C:/Users/Sienna/Documents/KinetisWorkSpace/Sienna-Rose-Price-Labs/LabWeek7/Sources" -I"C:/Users/Sienna/Documents/KinetisWorkSpace/Sienna-Rose-Price-Labs/LabWeek7/Generated_Code" -std=c99 -MMD -MP -MF"Generated_Code/Cpu.d" -MT"Generated_Code/Cpu.o" -c -o "Generated_Code/Cpu.o" "../Generated_Code/Cpu.c"
Finished building: ../Generated_Code/Cpu.c
 
Building file: ../Generated_Code/GreenLED.c
Invoking: Cross ARM C Compiler
arm-none-eabi-gcc -mcpu=cortex-m4 -mthumb -O0 -fmessage-length=0 -fsigned-char -ffunction-sections -fdata-sections  -g3 -I"C:/Users/Sienna/Documents/KinetisWorkSpace/Sienna-Rose-Price-Labs/LabWeek7/Static_Code/PDD" -I"C:/Users/Sienna/Documents/KinetisWorkSpace/Sienna-Rose-Price-Labs/LabWeek7/Static_Code/IO_Map" -I"C:/Users/Sienna/Documents/KinetisWorkSpace/Sienna-Rose-Price-Labs/LabWeek7/Sources" -I"C:/Users/Sienna/Documents/KinetisWorkSpace/Sienna-Rose-Price-Labs/LabWeek7/Generated_Code" -std=c99 -MMD -MP -MF"Generated_Code/GreenLED.d" -MT"Generated_Code/GreenLED.o" -c -o "Generated_Code/GreenLED.o" "../Generated_Code/GreenLED.c"
Finished building: ../Generated_Code/GreenLED.c
 
Building file: ../Generated_Code/Inhr1.c
Invoking: Cross ARM C Compiler
arm-none-eabi-gcc -mcpu=cortex-m4 -mthumb -O0 -fmessage-length=0 -fsigned-char -ffunction-sections -fdata-sections  -g3 -I"C:/Users/Sienna/Documents/KinetisWorkSpace/Sienna-Rose-Price-Labs/LabWeek7/Static_Code/PDD" -I"C:/Users/Sienna/Documents/KinetisWorkSpace/Sienna-Rose-Price-Labs/LabWeek7/Static_Code/IO_Map" -I"C:/Users/Sienna/Documents/KinetisWorkSpace/Sienna-Rose-Price-Labs/LabWeek7/Sources" -I"C:/Users/Sienna/Documents/KinetisWorkSpace/Sienna-Rose-Price-Labs/LabWeek7/Generated_Code" -std=c99 -MMD -MP -MF"Generated_Code/Inhr1.d" -MT"Generated_Code/Inhr1.o" -c -o "Generated_Code/Inhr1.o" "../Generated_Code/Inhr1.c"
Finished building: ../Generated_Code/Inhr1.c
 
Building file: ../Generated_Code/PE_LDD.c
Invoking: Cross ARM C Compiler
arm-none-eabi-gcc -mcpu=cortex-m4 -mthumb -O0 -fmessage-length=0 -fsigned-char -ffunction-sections -fdata-sections  -g3 -I"C:/Users/Sienna/Documents/KinetisWorkSpace/Sienna-Rose-Price-Labs/LabWeek7/Static_Code/PDD" -I"C:/Users/Sienna/Documents/KinetisWorkSpace/Sienna-Rose-Price-Labs/LabWeek7/Static_Code/IO_Map" -I"C:/Users/Sienna/Documents/KinetisWorkSpace/Sienna-Rose-Price-Labs/LabWeek7/Sources" -I"C:/Users/Sienna/Documents/KinetisWorkSpace/Sienna-Rose-Price-Labs/LabWeek7/Generated_Code" -std=c99 -MMD -MP -MF"Generated_Code/PE_LDD.d" -MT"Generated_Code/PE_LDD.o" -c -o "Generated_Code/PE_LDD.o" "../Generated_Code/PE_LDD.c"
Finished building: ../Generated_Code/PE_LDD.c
 
Building file: ../Generated_Code/PwmLdd1.c
Invoking: Cross ARM C Compiler
arm-none-eabi-gcc -mcpu=cortex-m4 -mthumb -O0 -fmessage-length=0 -fsigned-char -ffunction-sections -fdata-sections  -g3 -I"C:/Users/Sienna/Documents/KinetisWorkSpace/Sienna-Rose-Price-Labs/LabWeek7/Static_Code/PDD" -I"C:/Users/Sienna/Documents/KinetisWorkSpace/Sienna-Rose-Price-Labs/LabWeek7/Static_Code/IO_Map" -I"C:/Users/Sienna/Documents/KinetisWorkSpace/Sienna-Rose-Price-Labs/LabWeek7/Sources" -I"C:/Users/Sienna/Documents/KinetisWorkSpace/Sienna-Rose-Price-Labs/LabWeek7/Generated_Code" -std=c99 -MMD -MP -MF"Generated_Code/PwmLdd1.d" -MT"Generated_Code/PwmLdd1.o" -c -o "Generated_Code/PwmLdd1.o" "../Generated_Code/PwmLdd1.c"
Finished building: ../Generated_Code/PwmLdd1.c
 
Building file: ../Generated_Code/PwmLdd2.c
Invoking: Cross ARM C Compiler
arm-none-eabi-gcc -mcpu=cortex-m4 -mthumb -O0 -fmessage-length=0 -fsigned-char -ffunction-sections -fdata-sections  -g3 -I"C:/Users/Sienna/Documents/KinetisWorkSpace/Sienna-Rose-Price-Labs/LabWeek7/Static_Code/PDD" -I"C:/Users/Sienna/Documents/KinetisWorkSpace/Sienna-Rose-Price-Labs/LabWeek7/Static_Code/IO_Map" -I"C:/Users/Sienna/Documents/KinetisWorkSpace/Sienna-Rose-Price-Labs/LabWeek7/Sources" -I"C:/Users/Sienna/Documents/KinetisWorkSpace/Sienna-Rose-Price-Labs/LabWeek7/Generated_Code" -std=c99 -MMD -MP -MF"Generated_Code/PwmLdd2.d" -MT"Generated_Code/PwmLdd2.o" -c -o "Generated_Code/PwmLdd2.o" "../Generated_Code/PwmLdd2.c"
Finished building: ../Generated_Code/PwmLdd2.c
 
Building file: ../Generated_Code/PwmLdd3.c
Invoking: Cross ARM C Compiler
arm-none-eabi-gcc -mcpu=cortex-m4 -mthumb -O0 -fmessage-length=0 -fsigned-char -ffunction-sections -fdata-sections  -g3 -I"C:/Users/Sienna/Documents/KinetisWorkSpace/Sienna-Rose-Price-Labs/LabWeek7/Static_Code/PDD" -I"C:/Users/Sienna/Documents/KinetisWorkSpace/Sienna-Rose-Price-Labs/LabWeek7/Static_Code/IO_Map" -I"C:/Users/Sienna/Documents/KinetisWorkSpace/Sienna-Rose-Price-Labs/LabWeek7/Sources" -I"C:/Users/Sienna/Documents/KinetisWorkSpace/Sienna-Rose-Price-Labs/LabWeek7/Generated_Code" -std=c99 -MMD -MP -MF"Generated_Code/PwmLdd3.d" -MT"Generated_Code/PwmLdd3.o" -c -o "Generated_Code/PwmLdd3.o" "../Generated_Code/PwmLdd3.c"
Finished building: ../Generated_Code/PwmLdd3.c
 
Building file: ../Generated_Code/RedLED.c
Invoking: Cross ARM C Compiler
arm-none-eabi-gcc -mcpu=cortex-m4 -mthumb -O0 -fmessage-length=0 -fsigned-char -ffunction-sections -fdata-sections  -g3 -I"C:/Users/Sienna/Documents/KinetisWorkSpace/Sienna-Rose-Price-Labs/LabWeek7/Static_Code/PDD" -I"C:/Users/Sienna/Documents/KinetisWorkSpace/Sienna-Rose-Price-Labs/LabWeek7/Static_Code/IO_Map" -I"C:/Users/Sienna/Documents/KinetisWorkSpace/Sienna-Rose-Price-Labs/LabWeek7/Sources" -I"C:/Users/Sienna/Documents/KinetisWorkSpace/Sienna-Rose-Price-Labs/LabWeek7/Generated_Code" -std=c99 -MMD -MP -MF"Generated_Code/RedLED.d" -MT"Generated_Code/RedLED.o" -c -o "Generated_Code/RedLED.o" "../Generated_Code/RedLED.c"
Finished building: ../Generated_Code/RedLED.c
 
Building file: ../Generated_Code/TU1.c
Invoking: Cross ARM C Compiler
arm-none-eabi-gcc -mcpu=cortex-m4 -mthumb -O0 -fmessage-length=0 -fsigned-char -ffunction-sections -fdata-sections  -g3 -I"C:/Users/Sienna/Documents/KinetisWorkSpace/Sienna-Rose-Price-Labs/LabWeek7/Static_Code/PDD" -I"C:/Users/Sienna/Documents/KinetisWorkSpace/Sienna-Rose-Price-Labs/LabWeek7/Static_Code/IO_Map" -I"C:/Users/Sienna/Documents/KinetisWorkSpace/Sienna-Rose-Price-Labs/LabWeek7/Sources" -I"C:/Users/Sienna/Documents/KinetisWorkSpace/Sienna-Rose-Price-Labs/LabWeek7/Generated_Code" -std=c99 -MMD -MP -MF"Generated_Code/TU1.d" -MT"Generated_Code/TU1.o" -c -o "Generated_Code/TU1.o" "../Generated_Code/TU1.c"
Finished building: ../Generated_Code/TU1.c
 
Building file: ../Generated_Code/Term1.c
Invoking: Cross ARM C Compiler
arm-none-eabi-gcc -mcpu=cortex-m4 -mthumb -O0 -fmessage-length=0 -fsigned-char -ffunction-sections -fdata-sections  -g3 -I"C:/Users/Sienna/Documents/KinetisWorkSpace/Sienna-Rose-Price-Labs/LabWeek7/Static_Code/PDD" -I"C:/Users/Sienna/Documents/KinetisWorkSpace/Sienna-Rose-Price-Labs/LabWeek7/Static_Code/IO_Map" -I"C:/Users/Sienna/Documents/KinetisWorkSpace/Sienna-Rose-Price-Labs/LabWeek7/Sources" -I"C:/Users/Sienna/Documents/KinetisWorkSpace/Sienna-Rose-Price-Labs/LabWeek7/Generated_Code" -std=c99 -MMD -MP -MF"Generated_Code/Term1.d" -MT"Generated_Code/Term1.o" -c -o "Generated_Code/Term1.o" "../Generated_Code/Term1.c"
Finished building: ../Generated_Code/Term1.c
 
Building file: ../Generated_Code/Vectors.c
Invoking: Cross ARM C Compiler
arm-none-eabi-gcc -mcpu=cortex-m4 -mthumb -O0 -fmessage-length=0 -fsigned-char -ffunction-sections -fdata-sections  -g3 -I"C:/Users/Sienna/Documents/KinetisWorkSpace/Sienna-Rose-Price-Labs/LabWeek7/Static_Code/PDD" -I"C:/Users/Sienna/Documents/KinetisWorkSpace/Sienna-Rose-Price-Labs/LabWeek7/Static_Code/IO_Map" -I"C:/Users/Sienna/Documents/KinetisWorkSpace/Sienna-Rose-Price-Labs/LabWeek7/Sources" -I"C:/Users/Sienna/Documents/KinetisWorkSpace/Sienna-Rose-Price-Labs/LabWeek7/Generated_Code" -std=c99 -MMD -MP -MF"Generated_Code/Vectors.d" -MT"Generated_Code/Vectors.o" -c -o "Generated_Code/Vectors.o" "../Generated_Code/Vectors.c"
Finished building: ../Generated_Code/Vectors.c
 
Building target: LabWeek7.elf
Invoking: Cross ARM C++ Linker
arm-none-eabi-g++ -mcpu=cortex-m4 -mthumb -O0 -fmessage-length=0 -fsigned-char -ffunction-sections -fdata-sections  -g3 -T "C:/Users/Sienna/Documents/KinetisWorkSpace/Sienna-Rose-Price-Labs/LabWeek7/Project_Settings/Linker_Files/ProcessorExpert.ld" -Xlinker --gc-sections -L"C:/Users/Sienna/Documents/KinetisWorkSpace/Sienna-Rose-Price-Labs/LabWeek7/Project_Settings/Linker_Files" -Wl,-Map,"LabWeek7.map" -specs=nano.specs -specs=nosys.specs -o "LabWeek7.elf"  ./Sources/Events.o ./Sources/main.o  ./Project_Settings/Startup_Code/startup.o  ./Generated_Code/ASerialLdd1.o ./Generated_Code/BlueLED.o ./Generated_Code/Cpu.o ./Generated_Code/GreenLED.o ./Generated_Code/Inhr1.o ./Generated_Code/PE_LDD.o ./Generated_Code/PwmLdd1.o ./Generated_Code/PwmLdd2.o ./Generated_Code/PwmLdd3.o ./Generated_Code/RedLED.o ./Generated_Code/TU1.o ./Generated_Code/Term1.o ./Generated_Code/Vectors.o   
Finished building target: LabWeek7.elf
 

22:01:59 Build Finished (took 5s.44ms)

